2025-04-04 10:25:33 INFO  com.fahze.demojavafx.HelloApplication - Starting FinanceTracker application
2025-04-04 10:25:34 INFO  com.fahze.demojavafx.HelloController - Initializing HelloController and setting up TableView
2025-04-04 10:25:34 INFO  com.fahze.demojavafx.db.ExpenseDAO - Fetching all expenses from database
2025-04-04 10:25:34 INFO  com.fahze.demojavafx.db.ExpenseDAO - Successfully retrieved 0 expenses
2025-04-04 10:25:34 INFO  com.fahze.demojavafx.HelloController - TableView initialized with 0 expenses
2025-04-04 10:25:35 INFO  com.fahze.demojavafx.HelloApplication - Application started successfully
2025-04-04 10:25:38 INFO  com.fahze.demojavafx.HelloController - Opening Add Line Dialog
2025-04-04 10:25:54 INFO  com.fahze.demojavafx.HelloController - Processing new expense for period: 121
2025-04-04 10:25:54 INFO  com.fahze.demojavafx.db.ExpenseDAO - Attempting to insert new expense for period: 121
2025-04-04 10:25:54 INFO  com.fahze.demojavafx.db.ExpenseDAO - Successfully inserted expense for period: 121
2025-04-04 10:25:54 INFO  com.fahze.demojavafx.HelloController - Successfully added expense for period: 121
2025-04-04 10:28:02 INFO  com.fahze.demojavafx.HelloApplication - Starting FinanceTracker application
2025-04-04 10:28:03 INFO  com.fahze.demojavafx.HelloController - Initializing HelloController and setting up TableView
2025-04-04 10:28:03 INFO  com.fahze.demojavafx.db.ExpenseDAO - Fetching all expenses from database
2025-04-04 10:28:03 INFO  com.fahze.demojavafx.db.ExpenseDAO - Successfully retrieved 1 expenses
2025-04-04 10:28:03 INFO  com.fahze.demojavafx.HelloController - TableView initialized with 1 expenses
2025-04-04 10:28:05 INFO  com.fahze.demojavafx.HelloApplication - Application started successfully
2025-04-10 10:11:23 INFO  com.fahze.demojavafx.HelloApplication - Starting FinanceTracker application
2025-04-10 10:11:23 INFO  com.fahze.demojavafx.DashboardController - Initializing Dashboard
2025-04-10 10:11:23 INFO  com.fahze.demojavafx.db.ExpenseDAO - Fetching all expenses from database
2025-04-10 10:11:23 INFO  com.fahze.demojavafx.db.ExpenseDAO - Successfully retrieved 1 expenses
2025-04-10 10:11:24 INFO  com.fahze.demojavafx.HelloApplication - Application started successfully
2025-04-10 10:28:01 INFO  com.fahze.demojavafx.HelloApplication - Starting FinanceTracker application
2025-04-10 10:28:01 INFO  com.fahze.demojavafx.DashboardController - Initializing Dashboard
2025-04-10 10:28:01 INFO  com.fahze.demojavafx.db.ExpenseDAO - Fetching all expenses from database
2025-04-10 10:28:01 INFO  com.fahze.demojavafx.db.ExpenseDAO - Successfully retrieved 1 expenses
2025-04-10 10:28:01 INFO  com.fahze.demojavafx.HelloApplication - Application started successfully
2025-04-10 10:28:19 INFO  com.fahze.demojavafx.HelloApplication - Starting FinanceTracker application
2025-04-10 10:28:20 INFO  com.fahze.demojavafx.DashboardController - Initializing Dashboard
2025-04-10 10:28:20 INFO  com.fahze.demojavafx.db.ExpenseDAO - Fetching all expenses from database
2025-04-10 10:28:20 INFO  com.fahze.demojavafx.db.ExpenseDAO - Successfully retrieved 1 expenses
2025-04-10 10:28:20 INFO  com.fahze.demojavafx.HelloApplication - Application started successfully
2025-04-10 10:33:41 INFO  com.fahze.demojavafx.HelloApplication - Starting FinanceTracker application
2025-04-10 10:34:53 INFO  com.fahze.demojavafx.HelloApplication - Starting FinanceTracker application
2025-04-10 10:34:53 INFO  com.fahze.demojavafx.DashboardController - Initializing Dashboard
2025-04-10 10:34:53 INFO  com.fahze.demojavafx.db.ExpenseDAO - Fetching all expenses from database
2025-04-10 10:34:53 INFO  com.fahze.demojavafx.db.ExpenseDAO - Successfully retrieved 1 expenses
2025-04-10 10:34:54 INFO  com.fahze.demojavafx.HelloApplication - Application started successfully
2025-04-10 10:35:06 INFO  com.fahze.demojavafx.HelloApplication - Starting FinanceTracker application
2025-04-10 10:35:07 INFO  com.fahze.demojavafx.DashboardController - Initializing Dashboard
2025-04-10 10:35:07 INFO  com.fahze.demojavafx.db.ExpenseDAO - Fetching all expenses from database
2025-04-10 10:35:07 INFO  com.fahze.demojavafx.db.ExpenseDAO - Successfully retrieved 1 expenses
2025-04-10 10:35:07 INFO  com.fahze.demojavafx.HelloApplication - Application started successfully
2025-04-10 10:39:17 INFO  com.fahze.demojavafx.HelloApplication - Starting FinanceTracker application
2025-04-10 10:39:17 INFO  com.fahze.demojavafx.DashboardController - Initializing Dashboard
2025-04-10 10:39:17 INFO  com.fahze.demojavafx.db.ExpenseDAO - Fetching all expenses from database
2025-04-10 10:39:17 INFO  com.fahze.demojavafx.db.ExpenseDAO - Successfully retrieved 1 expenses
2025-04-10 10:39:18 INFO  com.fahze.demojavafx.HelloApplication - Application started successfully
2025-04-10 10:40:09 INFO  com.fahze.demojavafx.HelloApplication - Starting FinanceTracker application
2025-04-10 10:40:10 INFO  com.fahze.demojavafx.DashboardController - Initializing Dashboard
2025-04-10 10:40:10 INFO  com.fahze.demojavafx.db.ExpenseDAO - Fetching all expenses from database
2025-04-10 10:40:10 INFO  com.fahze.demojavafx.db.ExpenseDAO - Successfully retrieved 1 expenses
2025-04-10 10:40:10 INFO  com.fahze.demojavafx.HelloApplication - Application started successfully
2025-04-10 10:40:15 INFO  com.fahze.demojavafx.HelloController - Initializing HelloController and setting up TableView
2025-04-10 10:40:15 INFO  com.fahze.demojavafx.db.ExpenseDAO - Fetching all expenses from database
2025-04-10 10:40:15 INFO  com.fahze.demojavafx.db.ExpenseDAO - Successfully retrieved 1 expenses
2025-04-10 10:40:15 INFO  com.fahze.demojavafx.HelloController - TableView initialized with 1 expenses
2025-04-10 10:40:17 INFO  com.fahze.demojavafx.HelloController - Opening Add Line Dialog
2025-04-10 10:40:33 INFO  com.fahze.demojavafx.HelloController - Processing new expense for period: 1
2025-04-10 10:40:33 INFO  com.fahze.demojavafx.db.ExpenseDAO - Attempting to insert new expense for period: 1
2025-04-10 10:40:33 INFO  com.fahze.demojavafx.db.ExpenseDAO - Successfully inserted expense for period: 1
2025-04-10 10:40:33 INFO  com.fahze.demojavafx.HelloController - Successfully added expense for period: 1
2025-04-10 10:40:40 INFO  com.fahze.demojavafx.DashboardController - Initializing Dashboard
2025-04-10 10:40:40 INFO  com.fahze.demojavafx.db.ExpenseDAO - Fetching all expenses from database
2025-04-10 10:40:40 INFO  com.fahze.demojavafx.db.ExpenseDAO - Successfully retrieved 2 expenses
2025-04-10 10:40:58 INFO  com.fahze.demojavafx.HelloApplication - Starting FinanceTracker application
2025-04-10 10:40:59 INFO  com.fahze.demojavafx.DashboardController - Initializing Dashboard
2025-04-10 10:40:59 INFO  com.fahze.demojavafx.db.ExpenseDAO - Fetching all expenses from database
2025-04-10 10:40:59 INFO  com.fahze.demojavafx.db.ExpenseDAO - Successfully retrieved 2 expenses
2025-04-10 10:40:59 INFO  com.fahze.demojavafx.HelloApplication - Application started successfully
2025-04-10 14:54:43 INFO  com.fahze.demojavafx.HelloApplication - Lancement de l'application
2025-04-10 14:54:44 INFO  com.fahze.demojavafx.DashboardController - Initializing Dashboard
2025-04-10 14:54:44 INFO  com.fahze.demojavafx.db.ExpenseDAO - Fetching all expenses from database
2025-04-10 14:54:44 INFO  com.fahze.demojavafx.db.ExpenseDAO - Successfully retrieved 2 expenses
2025-04-10 14:54:44 INFO  com.fahze.demojavafx.HelloApplication - Application started successfully
2025-04-10 14:55:04 INFO  com.fahze.demojavafx.HelloController - Initializing HelloController and setting up TableView
2025-04-10 14:55:04 INFO  com.fahze.demojavafx.db.ExpenseDAO - Fetching all expenses from database
2025-04-10 14:55:04 INFO  com.fahze.demojavafx.db.ExpenseDAO - Successfully retrieved 2 expenses
2025-04-10 14:55:04 INFO  com.fahze.demojavafx.HelloController - TableView initialized with 2 expenses
2025-04-10 14:55:05 INFO  com.fahze.demojavafx.service.CurrencyService - Retrieved EUR to USD rate: 1.0
2025-04-10 14:55:05 INFO  com.fahze.demojavafx.HelloController - Exchange rate set to: 1.0
2025-04-10 14:55:06 INFO  com.fahze.demojavafx.HelloController - Currency switched to: USD
2025-04-10 14:55:09 INFO  com.fahze.demojavafx.HelloController - Currency switched to: EUR
2025-04-10 14:55:09 INFO  com.fahze.demojavafx.HelloController - Currency switched to: USD
2025-04-10 14:55:14 INFO  com.fahze.demojavafx.HelloController - Currency switched to: EUR
2025-04-10 14:58:05 INFO  com.fahze.demojavafx.HelloApplication - Lancement de l'application
2025-04-10 14:58:06 INFO  com.fahze.demojavafx.DashboardController - Initializing Dashboard
2025-04-10 14:58:06 INFO  com.fahze.demojavafx.db.ExpenseDAO - Fetching all expenses from database
2025-04-10 14:58:06 INFO  com.fahze.demojavafx.db.ExpenseDAO - Successfully retrieved 2 expenses
2025-04-10 14:58:06 INFO  com.fahze.demojavafx.HelloApplication - Application started successfully
2025-04-10 14:58:15 INFO  com.fahze.demojavafx.HelloController - Initializing HelloController and setting up TableView
2025-04-10 14:58:15 INFO  com.fahze.demojavafx.db.ExpenseDAO - Fetching all expenses from database
2025-04-10 14:58:15 INFO  com.fahze.demojavafx.db.ExpenseDAO - Successfully retrieved 2 expenses
2025-04-10 14:58:15 INFO  com.fahze.demojavafx.HelloController - TableView initialized with 2 expenses
2025-04-10 14:58:16 INFO  com.fahze.demojavafx.service.CurrencyService - Retrieved EUR to USD rate: 1.0
2025-04-10 14:58:16 INFO  com.fahze.demojavafx.HelloController - Exchange rate set to: 1.0
2025-04-10 14:58:17 INFO  com.fahze.demojavafx.HelloController - Currency button clicked, switching to: USD
2025-04-10 14:58:17 INFO  com.fahze.demojavafx.HelloController - Updating table with currency: USD
2025-04-10 14:58:17 INFO  com.fahze.demojavafx.HelloController - Table updated with 2 expenses in USD
2025-04-10 14:58:18 INFO  com.fahze.demojavafx.HelloController - Currency button clicked, switching to: EUR
2025-04-10 14:58:18 INFO  com.fahze.demojavafx.HelloController - Updating table with currency: EUR
2025-04-10 14:58:18 INFO  com.fahze.demojavafx.HelloController - Table updated with 2 expenses in EUR
2025-04-10 14:58:18 INFO  com.fahze.demojavafx.HelloController - Currency button clicked, switching to: USD
2025-04-10 14:58:18 INFO  com.fahze.demojavafx.HelloController - Updating table with currency: USD
2025-04-10 14:58:18 INFO  com.fahze.demojavafx.HelloController - Table updated with 2 expenses in USD
2025-04-10 14:58:19 INFO  com.fahze.demojavafx.HelloController - Currency button clicked, switching to: EUR
2025-04-10 14:58:19 INFO  com.fahze.demojavafx.HelloController - Updating table with currency: EUR
2025-04-10 14:58:19 INFO  com.fahze.demojavafx.HelloController - Table updated with 2 expenses in EUR
2025-04-10 14:58:19 INFO  com.fahze.demojavafx.HelloController - Currency button clicked, switching to: USD
2025-04-10 14:58:19 INFO  com.fahze.demojavafx.HelloController - Updating table with currency: USD
2025-04-10 14:58:19 INFO  com.fahze.demojavafx.HelloController - Table updated with 2 expenses in USD
2025-04-10 14:58:20 INFO  com.fahze.demojavafx.HelloController - Currency button clicked, switching to: EUR
2025-04-10 14:58:20 INFO  com.fahze.demojavafx.HelloController - Updating table with currency: EUR
2025-04-10 14:58:20 INFO  com.fahze.demojavafx.HelloController - Table updated with 2 expenses in EUR
2025-04-10 14:58:20 INFO  com.fahze.demojavafx.HelloController - Currency button clicked, switching to: USD
2025-04-10 14:58:20 INFO  com.fahze.demojavafx.HelloController - Updating table with currency: USD
2025-04-10 14:58:20 INFO  com.fahze.demojavafx.HelloController - Table updated with 2 expenses in USD
2025-04-10 14:58:20 INFO  com.fahze.demojavafx.HelloController - Currency button clicked, switching to: EUR
2025-04-10 14:58:20 INFO  com.fahze.demojavafx.HelloController - Updating table with currency: EUR
2025-04-10 14:58:20 INFO  com.fahze.demojavafx.HelloController - Table updated with 2 expenses in EUR
2025-04-10 14:58:20 INFO  com.fahze.demojavafx.HelloController - Currency button clicked, switching to: USD
2025-04-10 14:58:20 INFO  com.fahze.demojavafx.HelloController - Updating table with currency: USD
2025-04-10 14:58:20 INFO  com.fahze.demojavafx.HelloController - Table updated with 2 expenses in USD
2025-04-10 14:58:20 INFO  com.fahze.demojavafx.HelloController - Currency button clicked, switching to: EUR
2025-04-10 14:58:20 INFO  com.fahze.demojavafx.HelloController - Updating table with currency: EUR
2025-04-10 14:58:20 INFO  com.fahze.demojavafx.HelloController - Table updated with 2 expenses in EUR
2025-04-10 14:58:20 INFO  com.fahze.demojavafx.HelloController - Currency button clicked, switching to: USD
2025-04-10 14:58:20 INFO  com.fahze.demojavafx.HelloController - Updating table with currency: USD
2025-04-10 14:58:21 INFO  com.fahze.demojavafx.HelloController - Table updated with 2 expenses in USD
2025-04-10 14:58:22 INFO  com.fahze.demojavafx.HelloController - Currency button clicked, switching to: EUR
2025-04-10 14:58:22 INFO  com.fahze.demojavafx.HelloController - Updating table with currency: EUR
2025-04-10 14:58:22 INFO  com.fahze.demojavafx.HelloController - Table updated with 2 expenses in EUR
2025-04-10 14:58:24 INFO  com.fahze.demojavafx.HelloController - Currency button clicked, switching to: USD
2025-04-10 14:58:24 INFO  com.fahze.demojavafx.HelloController - Updating table with currency: USD
2025-04-10 14:58:24 INFO  com.fahze.demojavafx.HelloController - Table updated with 2 expenses in USD
2025-04-10 15:04:36 INFO  com.fahze.demojavafx.HelloApplication - Lancement de l'application
2025-04-10 15:04:37 INFO  com.fahze.demojavafx.DashboardController - Initializing Dashboard
2025-04-10 15:04:37 INFO  com.fahze.demojavafx.db.ExpenseDAO - Fetching all expenses from database
2025-04-10 15:04:37 INFO  com.fahze.demojavafx.db.ExpenseDAO - Successfully retrieved 2 expenses
2025-04-10 15:04:38 INFO  com.fahze.demojavafx.HelloApplication - Application started successfully
2025-04-10 15:04:42 INFO  com.fahze.demojavafx.HelloController - Initializing HelloController and setting up TableView
2025-04-10 15:04:42 INFO  com.fahze.demojavafx.db.ExpenseDAO - Fetching all expenses from database
2025-04-10 15:04:42 INFO  com.fahze.demojavafx.db.ExpenseDAO - Successfully retrieved 2 expenses
2025-04-10 15:04:42 INFO  com.fahze.demojavafx.HelloController - TableView initialized with 2 expenses
2025-04-10 15:04:43 INFO  com.fahze.demojavafx.service.CurrencyService - Retrieved EUR to USD rate: 1.0
2025-04-10 15:04:43 INFO  com.fahze.demojavafx.service.CurrencyService - EUR to USD rate set to: 1.0
2025-04-10 15:04:43 INFO  com.fahze.demojavafx.HelloController - Exchange rate set to: 1.0
2025-04-10 15:04:44 INFO  com.fahze.demojavafx.HelloController - Currency button clicked, switching to: USD
2025-04-10 15:04:44 INFO  com.fahze.demojavafx.HelloController - Updating table with currency: USD
2025-04-10 15:04:44 INFO  com.fahze.demojavafx.HelloController - Table updated with 2 expenses in USD
2025-04-10 15:04:45 INFO  com.fahze.demojavafx.HelloController - Currency button clicked, switching to: EUR
2025-04-10 15:04:45 INFO  com.fahze.demojavafx.HelloController - Updating table with currency: EUR
2025-04-10 15:04:45 INFO  com.fahze.demojavafx.HelloController - Table updated with 2 expenses in EUR
2025-04-10 15:04:45 INFO  com.fahze.demojavafx.HelloController - Currency button clicked, switching to: USD
2025-04-10 15:04:45 INFO  com.fahze.demojavafx.HelloController - Updating table with currency: USD
2025-04-10 15:04:45 INFO  com.fahze.demojavafx.HelloController - Table updated with 2 expenses in USD
2025-04-10 15:04:45 INFO  com.fahze.demojavafx.HelloController - Currency button clicked, switching to: EUR
2025-04-10 15:04:45 INFO  com.fahze.demojavafx.HelloController - Updating table with currency: EUR
2025-04-10 15:04:45 INFO  com.fahze.demojavafx.HelloController - Table updated with 2 expenses in EUR
2025-04-10 15:04:46 INFO  com.fahze.demojavafx.HelloController - Currency button clicked, switching to: USD
2025-04-10 15:04:46 INFO  com.fahze.demojavafx.HelloController - Updating table with currency: USD
2025-04-10 15:04:46 INFO  com.fahze.demojavafx.HelloController - Table updated with 2 expenses in USD
2025-04-10 15:04:46 INFO  com.fahze.demojavafx.HelloController - Currency button clicked, switching to: EUR
2025-04-10 15:04:46 INFO  com.fahze.demojavafx.HelloController - Updating table with currency: EUR
2025-04-10 15:04:46 INFO  com.fahze.demojavafx.HelloController - Table updated with 2 expenses in EUR
2025-04-10 15:04:46 INFO  com.fahze.demojavafx.HelloController - Currency button clicked, switching to: USD
2025-04-10 15:04:46 INFO  com.fahze.demojavafx.HelloController - Updating table with currency: USD
2025-04-10 15:04:46 INFO  com.fahze.demojavafx.HelloController - Table updated with 2 expenses in USD
2025-04-10 15:04:46 INFO  com.fahze.demojavafx.HelloController - Currency button clicked, switching to: EUR
2025-04-10 15:04:46 INFO  com.fahze.demojavafx.HelloController - Updating table with currency: EUR
2025-04-10 15:04:46 INFO  com.fahze.demojavafx.HelloController - Table updated with 2 expenses in EUR
2025-04-10 15:04:47 INFO  com.fahze.demojavafx.HelloController - Currency button clicked, switching to: USD
2025-04-10 15:04:47 INFO  com.fahze.demojavafx.HelloController - Updating table with currency: USD
2025-04-10 15:04:47 INFO  com.fahze.demojavafx.HelloController - Table updated with 2 expenses in USD
2025-04-10 15:05:09 INFO  com.fahze.demojavafx.HelloApplication - Lancement de l'application
2025-04-10 15:05:10 INFO  com.fahze.demojavafx.DashboardController - Initializing Dashboard
2025-04-10 15:05:10 INFO  com.fahze.demojavafx.db.ExpenseDAO - Fetching all expenses from database
2025-04-10 15:05:10 INFO  com.fahze.demojavafx.db.ExpenseDAO - Successfully retrieved 2 expenses
2025-04-10 15:05:11 INFO  com.fahze.demojavafx.HelloApplication - Application started successfully
2025-04-10 15:05:49 INFO  com.fahze.demojavafx.HelloController - Initializing HelloController and setting up TableView
2025-04-10 15:05:49 INFO  com.fahze.demojavafx.db.ExpenseDAO - Fetching all expenses from database
2025-04-10 15:05:49 INFO  com.fahze.demojavafx.db.ExpenseDAO - Successfully retrieved 2 expenses
2025-04-10 15:05:49 INFO  com.fahze.demojavafx.HelloController - TableView initialized with 2 expenses
2025-04-10 15:05:50 INFO  com.fahze.demojavafx.service.CurrencyService - Retrieved EUR to USD rate: 1.0
2025-04-10 15:05:50 INFO  com.fahze.demojavafx.service.CurrencyService - EUR to USD rate set to: 1.0
2025-04-10 15:05:50 INFO  com.fahze.demojavafx.HelloController - Exchange rate set to: 1.0
2025-04-10 15:05:50 INFO  com.fahze.demojavafx.HelloController - Currency button clicked, switching to: USD
2025-04-10 15:05:50 INFO  com.fahze.demojavafx.HelloController - Updating table with currency: USD
2025-04-10 15:05:50 INFO  com.fahze.demojavafx.HelloController - Table updated with 2 expenses in USD
2025-04-10 15:05:51 INFO  com.fahze.demojavafx.HelloController - Currency button clicked, switching to: EUR
2025-04-10 15:05:51 INFO  com.fahze.demojavafx.HelloController - Updating table with currency: EUR
2025-04-10 15:05:51 INFO  com.fahze.demojavafx.HelloController - Table updated with 2 expenses in EUR
2025-04-10 15:05:52 INFO  com.fahze.demojavafx.HelloController - Currency button clicked, switching to: USD
2025-04-10 15:05:52 INFO  com.fahze.demojavafx.HelloController - Updating table with currency: USD
2025-04-10 15:05:52 INFO  com.fahze.demojavafx.HelloController - Table updated with 2 expenses in USD
2025-04-10 15:15:42 INFO  com.fahze.demojavafx.HelloApplication - Lancement de l'application
2025-04-10 15:15:43 INFO  com.fahze.demojavafx.DashboardController - Initializing Dashboard
2025-04-10 15:15:43 INFO  com.fahze.demojavafx.db.ExpenseDAO - Fetching all expenses from database
2025-04-10 15:15:43 INFO  com.fahze.demojavafx.db.ExpenseDAO - Successfully retrieved 2 expenses
2025-04-10 15:15:44 INFO  com.fahze.demojavafx.HelloApplication - Application started successfully
2025-04-10 15:15:52 INFO  com.fahze.demojavafx.HelloController - Initializing HelloController and setting up TableView
2025-04-10 15:15:52 INFO  com.fahze.demojavafx.db.ExpenseDAO - Fetching all expenses from database
2025-04-10 15:15:52 INFO  com.fahze.demojavafx.db.ExpenseDAO - Successfully retrieved 2 expenses
2025-04-10 15:15:52 INFO  com.fahze.demojavafx.HelloController - TableView initialized with 2 expenses
2025-04-10 15:15:52 INFO  com.fahze.demojavafx.service.CurrencyService - Retrieved EUR to USD rate: 1.09
2025-04-10 15:15:52 INFO  com.fahze.demojavafx.service.CurrencyService - EUR to USD rate set to: 1.09
2025-04-10 15:15:52 INFO  com.fahze.demojavafx.HelloController - Exchange rate set to: 1.09
2025-04-10 15:15:55 INFO  com.fahze.demojavafx.HelloController - Currency button clicked, switching to: EUR
2025-04-10 15:15:55 INFO  com.fahze.demojavafx.HelloController - Updating table with currency: EUR
2025-04-10 15:15:55 INFO  com.fahze.demojavafx.HelloController - Table updated with 2 expenses in EUR
2025-04-10 15:15:55 INFO  com.fahze.demojavafx.HelloController - Currency button clicked, switching to: EUR
2025-04-10 15:15:55 INFO  com.fahze.demojavafx.HelloController - Updating table with currency: EUR
2025-04-10 15:15:55 INFO  com.fahze.demojavafx.HelloController - Table updated with 2 expenses in EUR
2025-04-10 15:15:56 INFO  com.fahze.demojavafx.HelloController - Currency button clicked, switching to: EUR
2025-04-10 15:15:56 INFO  com.fahze.demojavafx.HelloController - Updating table with currency: EUR
2025-04-10 15:15:56 INFO  com.fahze.demojavafx.HelloController - Table updated with 2 expenses in EUR
2025-04-10 15:15:56 INFO  com.fahze.demojavafx.HelloController - Currency button clicked, switching to: EUR
2025-04-10 15:15:56 INFO  com.fahze.demojavafx.HelloController - Updating table with currency: EUR
2025-04-10 15:15:56 INFO  com.fahze.demojavafx.HelloController - Table updated with 2 expenses in EUR
2025-04-10 15:15:56 INFO  com.fahze.demojavafx.HelloController - Currency button clicked, switching to: EUR
2025-04-10 15:15:56 INFO  com.fahze.demojavafx.HelloController - Updating table with currency: EUR
2025-04-10 15:15:56 INFO  com.fahze.demojavafx.HelloController - Table updated with 2 expenses in EUR
2025-04-10 15:15:56 INFO  com.fahze.demojavafx.HelloController - Currency button clicked, switching to: EUR
2025-04-10 15:15:56 INFO  com.fahze.demojavafx.HelloController - Updating table with currency: EUR
2025-04-10 15:15:56 INFO  com.fahze.demojavafx.HelloController - Table updated with 2 expenses in EUR
2025-04-10 15:15:57 INFO  com.fahze.demojavafx.HelloController - Currency button clicked, switching to: EUR
2025-04-10 15:15:57 INFO  com.fahze.demojavafx.HelloController - Updating table with currency: EUR
2025-04-10 15:15:57 INFO  com.fahze.demojavafx.HelloController - Table updated with 2 expenses in EUR
2025-04-10 15:33:12 INFO  com.fahze.demojavafx.HelloApplication - Lancement de l'application
2025-04-10 15:33:13 INFO  com.fahze.demojavafx.DashboardController - Initializing Dashboard
2025-04-10 15:33:13 INFO  com.fahze.demojavafx.db.ExpenseDAO - Fetching all expenses from database
2025-04-10 15:33:13 INFO  com.fahze.demojavafx.db.ExpenseDAO - Successfully retrieved 2 expenses
2025-04-10 15:33:13 INFO  com.fahze.demojavafx.HelloApplication - Application started successfully
2025-04-10 15:33:32 INFO  com.fahze.demojavafx.HelloController - Initializing HelloController and setting up TableView
2025-04-10 15:33:32 INFO  com.fahze.demojavafx.db.ExpenseDAO - Fetching all expenses from database
2025-04-10 15:33:32 INFO  com.fahze.demojavafx.db.ExpenseDAO - Successfully retrieved 2 expenses
2025-04-10 15:33:32 INFO  com.fahze.demojavafx.HelloController - TableView initialized with 2 expenses
2025-04-10 15:33:32 INFO  com.fahze.demojavafx.service.CurrencyService - Retrieved EUR to USD rate: 1.09
2025-04-10 15:33:32 INFO  com.fahze.demojavafx.HelloController - Exchange rate set to: 1.09
2025-04-10 15:33:34 INFO  com.fahze.demojavafx.HelloController - Currency button clicked, switching to: USD
2025-04-10 15:33:34 INFO  com.fahze.demojavafx.HelloController - Updating table with currency: USD
2025-04-10 15:33:34 INFO  com.fahze.demojavafx.HelloController - Table updated with 2 expenses in USD
2025-04-10 15:33:35 INFO  com.fahze.demojavafx.HelloController - Currency button clicked, switching to: EUR
2025-04-10 15:33:35 INFO  com.fahze.demojavafx.HelloController - Updating table with currency: EUR
2025-04-10 15:33:35 INFO  com.fahze.demojavafx.HelloController - Table updated with 2 expenses in EUR
2025-04-10 15:33:35 INFO  com.fahze.demojavafx.HelloController - Currency button clicked, switching to: USD
2025-04-10 15:33:35 INFO  com.fahze.demojavafx.HelloController - Updating table with currency: USD
2025-04-10 15:33:35 INFO  com.fahze.demojavafx.HelloController - Table updated with 2 expenses in USD
2025-04-10 15:33:36 INFO  com.fahze.demojavafx.HelloController - Currency button clicked, switching to: EUR
2025-04-10 15:33:36 INFO  com.fahze.demojavafx.HelloController - Updating table with currency: EUR
2025-04-10 15:33:36 INFO  com.fahze.demojavafx.HelloController - Table updated with 2 expenses in EUR
2025-04-10 15:33:36 INFO  com.fahze.demojavafx.HelloController - Currency button clicked, switching to: USD
2025-04-10 15:33:36 INFO  com.fahze.demojavafx.HelloController - Updating table with currency: USD
2025-04-10 15:33:36 INFO  com.fahze.demojavafx.HelloController - Table updated with 2 expenses in USD
2025-04-10 15:33:37 INFO  com.fahze.demojavafx.HelloController - Currency button clicked, switching to: EUR
2025-04-10 15:33:37 INFO  com.fahze.demojavafx.HelloController - Updating table with currency: EUR
2025-04-10 15:33:37 INFO  com.fahze.demojavafx.HelloController - Table updated with 2 expenses in EUR
2025-04-11 11:06:25 INFO  com.fahze.demojavafx.HelloApplication - Lancement de l'application
2025-04-11 11:06:26 INFO  com.fahze.demojavafx.DashboardController - Initializing Dashboard
2025-04-11 11:06:26 INFO  com.fahze.demojavafx.db.ExpenseDAO - Fetching all expenses from database
2025-04-11 11:06:26 INFO  com.fahze.demojavafx.db.ExpenseDAO - Successfully retrieved 2 expenses
2025-04-11 11:06:26 INFO  com.fahze.demojavafx.db.IncomeDAO - Fetching all incomes from database
2025-04-11 11:06:26 INFO  com.fahze.demojavafx.db.IncomeDAO - Successfully retrieved 0 incomes
2025-04-11 11:06:26 INFO  com.fahze.demojavafx.HelloApplication - Application started successfully
2025-04-11 11:06:33 INFO  com.fahze.demojavafx.IncomeController - Initializing IncomeController and setting up TableView
2025-04-11 11:06:33 INFO  com.fahze.demojavafx.db.IncomeDAO - Fetching all incomes from database
2025-04-11 11:06:33 INFO  com.fahze.demojavafx.db.IncomeDAO - Successfully retrieved 0 incomes
2025-04-11 11:06:33 INFO  com.fahze.demojavafx.IncomeController - TableView initialized with 0 incomes
2025-04-11 11:06:33 INFO  com.fahze.demojavafx.service.CurrencyService - Retrieved EUR to USD rate: 1.09
2025-04-11 11:06:33 INFO  com.fahze.demojavafx.IncomeController - Exchange rate set to: 1.09
2025-04-11 11:06:35 INFO  com.fahze.demojavafx.IncomeController - Opening Add Income Dialog
2025-04-11 11:06:48 INFO  com.fahze.demojavafx.IncomeController - Processing new income for period: 1
2025-04-11 11:06:48 INFO  com.fahze.demojavafx.db.IncomeDAO - Attempting to insert new income for period: 1
2025-04-11 11:06:48 INFO  com.fahze.demojavafx.db.IncomeDAO - Successfully inserted income for period: 1
2025-04-11 11:06:48 INFO  com.fahze.demojavafx.IncomeController - Successfully added income for period: 1
2025-04-11 11:06:51 INFO  com.fahze.demojavafx.IncomeController - Currency button clicked, switching to: USD
2025-04-11 11:06:51 INFO  com.fahze.demojavafx.IncomeController - Updating table with currency: USD
2025-04-11 11:06:51 INFO  com.fahze.demojavafx.IncomeController - Table updated with 1 incomes in USD
2025-04-11 11:06:51 INFO  com.fahze.demojavafx.IncomeController - Currency button clicked, switching to: EUR
2025-04-11 11:06:51 INFO  com.fahze.demojavafx.IncomeController - Updating table with currency: EUR
2025-04-11 11:06:51 INFO  com.fahze.demojavafx.IncomeController - Table updated with 1 incomes in EUR
2025-04-11 11:06:52 INFO  com.fahze.demojavafx.IncomeController - Currency button clicked, switching to: USD
2025-04-11 11:06:52 INFO  com.fahze.demojavafx.IncomeController - Updating table with currency: USD
2025-04-11 11:06:52 INFO  com.fahze.demojavafx.IncomeController - Table updated with 1 incomes in USD
2025-04-11 11:06:52 INFO  com.fahze.demojavafx.IncomeController - Currency button clicked, switching to: EUR
2025-04-11 11:06:52 INFO  com.fahze.demojavafx.IncomeController - Updating table with currency: EUR
2025-04-11 11:06:52 INFO  com.fahze.demojavafx.IncomeController - Table updated with 1 incomes in EUR
2025-04-11 11:06:52 INFO  com.fahze.demojavafx.IncomeController - Currency button clicked, switching to: USD
2025-04-11 11:06:52 INFO  com.fahze.demojavafx.IncomeController - Updating table with currency: USD
2025-04-11 11:06:52 INFO  com.fahze.demojavafx.IncomeController - Table updated with 1 incomes in USD
2025-04-11 11:06:52 INFO  com.fahze.demojavafx.IncomeController - Currency button clicked, switching to: EUR
2025-04-11 11:06:52 INFO  com.fahze.demojavafx.IncomeController - Updating table with currency: EUR
2025-04-11 11:06:52 INFO  com.fahze.demojavafx.IncomeController - Table updated with 1 incomes in EUR
2025-04-11 11:06:53 INFO  com.fahze.demojavafx.IncomeController - Currency button clicked, switching to: USD
2025-04-11 11:06:53 INFO  com.fahze.demojavafx.IncomeController - Updating table with currency: USD
2025-04-11 11:06:53 INFO  com.fahze.demojavafx.IncomeController - Table updated with 1 incomes in USD
2025-04-11 11:06:53 INFO  com.fahze.demojavafx.IncomeController - Currency button clicked, switching to: EUR
2025-04-11 11:06:53 INFO  com.fahze.demojavafx.IncomeController - Updating table with currency: EUR
2025-04-11 11:06:53 INFO  com.fahze.demojavafx.IncomeController - Table updated with 1 incomes in EUR
2025-04-11 11:06:57 INFO  com.fahze.demojavafx.HelloController - Initializing HelloController and setting up TableView
2025-04-11 11:06:57 INFO  com.fahze.demojavafx.db.ExpenseDAO - Fetching all expenses from database
2025-04-11 11:06:57 INFO  com.fahze.demojavafx.db.ExpenseDAO - Successfully retrieved 2 expenses
2025-04-11 11:06:57 INFO  com.fahze.demojavafx.HelloController - TableView initialized with 2 expenses
2025-04-11 11:06:58 INFO  com.fahze.demojavafx.service.CurrencyService - Retrieved EUR to USD rate: 1.09
2025-04-11 11:06:58 INFO  com.fahze.demojavafx.HelloController - Exchange rate set to: 1.09
2025-04-11 11:07:29 INFO  com.fahze.demojavafx.IncomeController - Initializing IncomeController and setting up TableView
2025-04-11 11:07:29 INFO  com.fahze.demojavafx.db.IncomeDAO - Fetching all incomes from database
2025-04-11 11:07:29 INFO  com.fahze.demojavafx.db.IncomeDAO - Successfully retrieved 1 incomes
2025-04-11 11:07:29 INFO  com.fahze.demojavafx.IncomeController - TableView initialized with 1 incomes
2025-04-11 11:07:30 INFO  com.fahze.demojavafx.service.CurrencyService - Retrieved EUR to USD rate: 1.09
2025-04-11 11:07:30 INFO  com.fahze.demojavafx.IncomeController - Exchange rate set to: 1.09
2025-04-11 11:07:32 INFO  com.fahze.demojavafx.IncomeController - Currency button clicked, switching to: USD
2025-04-11 11:07:32 INFO  com.fahze.demojavafx.IncomeController - Updating table with currency: USD
2025-04-11 11:07:32 INFO  com.fahze.demojavafx.IncomeController - Table updated with 1 incomes in USD
2025-04-11 11:09:54 INFO  com.fahze.demojavafx.HelloApplication - Lancement de l'application
2025-04-11 11:09:54 INFO  com.fahze.demojavafx.DashboardController - Initializing Dashboard
2025-04-11 11:09:54 INFO  com.fahze.demojavafx.db.ExpenseDAO - Fetching all expenses from database
2025-04-11 11:09:54 INFO  com.fahze.demojavafx.db.ExpenseDAO - Successfully retrieved 2 expenses
2025-04-11 11:09:54 INFO  com.fahze.demojavafx.db.IncomeDAO - Fetching all incomes from database
2025-04-11 11:09:54 INFO  com.fahze.demojavafx.db.IncomeDAO - Successfully retrieved 1 incomes
2025-04-11 11:09:54 INFO  com.fahze.demojavafx.DashboardController - Updating income/expense comparison chart
2025-04-11 11:09:54 INFO  com.fahze.demojavafx.DashboardController - Found 2 unique periods for comparison chart
2025-04-11 11:09:54 INFO  com.fahze.demojavafx.DashboardController - Income/expense comparison chart updated with 4 data points
2025-04-11 11:09:55 INFO  com.fahze.demojavafx.HelloApplication - Application started successfully
2025-04-11 11:10:05 INFO  com.fahze.demojavafx.DashboardController - Updating income/expense comparison chart
2025-04-11 11:10:05 INFO  com.fahze.demojavafx.DashboardController - Found 2 unique periods for comparison chart
2025-04-11 11:10:05 INFO  com.fahze.demojavafx.DashboardController - Income/expense comparison chart updated with 4 data points
2025-04-11 11:10:34 INFO  com.fahze.demojavafx.HelloController - Initializing HelloController and setting up TableView
2025-04-11 11:10:34 INFO  com.fahze.demojavafx.db.ExpenseDAO - Fetching all expenses from database
2025-04-11 11:10:34 INFO  com.fahze.demojavafx.db.ExpenseDAO - Successfully retrieved 2 expenses
2025-04-11 11:10:34 INFO  com.fahze.demojavafx.HelloController - TableView initialized with 2 expenses
2025-04-11 11:10:34 INFO  com.fahze.demojavafx.service.CurrencyService - Retrieved EUR to USD rate: 1.09
2025-04-11 11:10:34 INFO  com.fahze.demojavafx.HelloController - Exchange rate set to: 1.09
2025-04-11 11:10:36 INFO  com.fahze.demojavafx.HelloController - Opening Add Line Dialog
2025-04-11 11:10:57 INFO  com.fahze.demojavafx.HelloController - Processing new expense for period: 2
2025-04-11 11:10:57 INFO  com.fahze.demojavafx.db.ExpenseDAO - Attempting to insert new expense for period: 2
2025-04-11 11:10:57 INFO  com.fahze.demojavafx.db.ExpenseDAO - Successfully inserted expense for period: 2
2025-04-11 11:10:57 INFO  com.fahze.demojavafx.HelloController - Successfully added expense for period: 2
2025-04-11 11:11:02 INFO  com.fahze.demojavafx.IncomeController - Initializing IncomeController and setting up TableView
2025-04-11 11:11:02 INFO  com.fahze.demojavafx.db.IncomeDAO - Fetching all incomes from database
2025-04-11 11:11:02 INFO  com.fahze.demojavafx.db.IncomeDAO - Successfully retrieved 1 incomes
2025-04-11 11:11:02 INFO  com.fahze.demojavafx.IncomeController - TableView initialized with 1 incomes
2025-04-11 11:11:02 INFO  com.fahze.demojavafx.service.CurrencyService - Retrieved EUR to USD rate: 1.09
2025-04-11 11:11:02 INFO  com.fahze.demojavafx.IncomeController - Exchange rate set to: 1.09
2025-04-11 11:11:04 INFO  com.fahze.demojavafx.IncomeController - Opening Add Income Dialog
2025-04-11 11:11:19 INFO  com.fahze.demojavafx.IncomeController - Processing new income for period: 2
2025-04-11 11:11:19 INFO  com.fahze.demojavafx.db.IncomeDAO - Attempting to insert new income for period: 2
2025-04-11 11:11:19 INFO  com.fahze.demojavafx.db.IncomeDAO - Successfully inserted income for period: 2
2025-04-11 11:11:19 INFO  com.fahze.demojavafx.IncomeController - Successfully added income for period: 2
2025-04-11 11:11:24 INFO  com.fahze.demojavafx.DashboardController - Initializing Dashboard
2025-04-11 11:11:24 INFO  com.fahze.demojavafx.db.ExpenseDAO - Fetching all expenses from database
2025-04-11 11:11:24 INFO  com.fahze.demojavafx.db.ExpenseDAO - Successfully retrieved 3 expenses
2025-04-11 11:11:24 INFO  com.fahze.demojavafx.db.IncomeDAO - Fetching all incomes from database
2025-04-11 11:11:24 INFO  com.fahze.demojavafx.db.IncomeDAO - Successfully retrieved 2 incomes
2025-04-11 11:11:24 INFO  com.fahze.demojavafx.DashboardController - Updating income/expense comparison chart
2025-04-11 11:11:24 INFO  com.fahze.demojavafx.DashboardController - Found 3 unique periods for comparison chart
2025-04-11 11:11:24 INFO  com.fahze.demojavafx.DashboardController - Income/expense comparison chart updated with 6 data points
2025-04-11 11:11:27 INFO  com.fahze.demojavafx.DashboardController - Updating income/expense comparison chart
2025-04-11 11:11:27 INFO  com.fahze.demojavafx.DashboardController - Found 3 unique periods for comparison chart
2025-04-11 11:11:27 INFO  com.fahze.demojavafx.DashboardController - Income/expense comparison chart updated with 6 data points
2025-04-11 11:11:41 INFO  com.fahze.demojavafx.DashboardController - Initializing Dashboard
2025-04-11 11:11:41 INFO  com.fahze.demojavafx.db.ExpenseDAO - Fetching all expenses from database
2025-04-11 11:11:41 INFO  com.fahze.demojavafx.db.ExpenseDAO - Successfully retrieved 3 expenses
2025-04-11 11:11:41 INFO  com.fahze.demojavafx.db.IncomeDAO - Fetching all incomes from database
2025-04-11 11:11:41 INFO  com.fahze.demojavafx.db.IncomeDAO - Successfully retrieved 2 incomes
2025-04-11 11:11:41 INFO  com.fahze.demojavafx.DashboardController - Updating income/expense comparison chart
2025-04-11 11:11:41 INFO  com.fahze.demojavafx.DashboardController - Found 3 unique periods for comparison chart
2025-04-11 11:11:41 INFO  com.fahze.demojavafx.DashboardController - Income/expense comparison chart updated with 6 data points
2025-04-11 11:15:53 INFO  com.fahze.demojavafx.HelloApplication - Lancement de l'application
2025-04-11 11:15:53 INFO  com.fahze.demojavafx.DashboardController - Initializing Dashboard
2025-04-11 11:15:53 INFO  com.fahze.demojavafx.db.ExpenseDAO - Fetching all expenses from database
2025-04-11 11:15:53 INFO  com.fahze.demojavafx.db.ExpenseDAO - Successfully retrieved 3 expenses
2025-04-11 11:15:53 INFO  com.fahze.demojavafx.db.IncomeDAO - Fetching all incomes from database
2025-04-11 11:15:53 INFO  com.fahze.demojavafx.db.IncomeDAO - Successfully retrieved 2 incomes
2025-04-11 11:15:53 INFO  com.fahze.demojavafx.DashboardController - Updating income/expense comparison chart
2025-04-11 11:15:53 INFO  com.fahze.demojavafx.DashboardController - Found 3 unique periods for comparison chart
2025-04-11 11:15:53 INFO  com.fahze.demojavafx.DashboardController - Comparison chart updated successfully
2025-04-11 11:15:54 INFO  com.fahze.demojavafx.HelloApplication - Application started successfully
2025-04-11 11:16:03 INFO  com.fahze.demojavafx.DashboardController - Updating income/expense comparison chart
2025-04-11 11:16:03 INFO  com.fahze.demojavafx.DashboardController - Found 3 unique periods for comparison chart
2025-04-11 11:16:03 INFO  com.fahze.demojavafx.DashboardController - Comparison chart updated successfully
2025-04-11 11:24:10 INFO  com.fahze.demojavafx.HelloApplication - Lancement de l'application
2025-04-11 11:24:11 INFO  com.fahze.demojavafx.DashboardController - Initializing Dashboard
2025-04-11 11:24:11 INFO  com.fahze.demojavafx.db.ExpenseDAO - Fetching all expenses from database
2025-04-11 11:24:11 INFO  com.fahze.demojavafx.db.ExpenseDAO - Successfully retrieved 3 expenses
2025-04-11 11:24:11 INFO  com.fahze.demojavafx.db.IncomeDAO - Fetching all incomes from database
2025-04-11 11:24:11 INFO  com.fahze.demojavafx.db.IncomeDAO - Successfully retrieved 2 incomes
2025-04-11 11:24:11 INFO  com.fahze.demojavafx.DashboardController - Updating income/expense comparison chart
2025-04-11 11:24:11 INFO  com.fahze.demojavafx.DashboardController - Found 3 unique periods for comparison chart
2025-04-11 11:24:11 INFO  com.fahze.demojavafx.DashboardController - Comparison chart updated successfully
2025-04-11 11:24:12 INFO  com.fahze.demojavafx.HelloApplication - Application started successfully
2025-04-11 11:24:19 INFO  com.fahze.demojavafx.DashboardController - Updating income/expense comparison chart
2025-04-11 11:24:19 INFO  com.fahze.demojavafx.DashboardController - Found 3 unique periods for comparison chart
2025-04-11 11:24:19 INFO  com.fahze.demojavafx.DashboardController - Comparison chart updated successfully
2025-04-11 11:24:27 INFO  com.fahze.demojavafx.DashboardController - Updating income/expense comparison chart
2025-04-11 11:24:27 INFO  com.fahze.demojavafx.DashboardController - Found 3 unique periods for comparison chart
2025-04-11 11:24:27 INFO  com.fahze.demojavafx.DashboardController - Comparison chart updated successfully
2025-04-11 11:24:51 INFO  com.fahze.demojavafx.HelloController - Initializing HelloController and setting up TableView
2025-04-11 11:24:51 INFO  com.fahze.demojavafx.db.ExpenseDAO - Fetching all expenses from database
2025-04-11 11:24:51 INFO  com.fahze.demojavafx.db.ExpenseDAO - Successfully retrieved 3 expenses
2025-04-11 11:24:51 INFO  com.fahze.demojavafx.HelloController - TableView initialized with 3 expenses
2025-04-11 11:24:51 INFO  com.fahze.demojavafx.service.CurrencyService - Retrieved EUR to USD rate: 1.09
2025-04-11 11:24:51 INFO  com.fahze.demojavafx.HelloController - Exchange rate set to: 1.09
2025-04-11 11:24:52 INFO  com.fahze.demojavafx.IncomeController - Initializing IncomeController and setting up TableView
2025-04-11 11:24:52 INFO  com.fahze.demojavafx.db.IncomeDAO - Fetching all incomes from database
2025-04-11 11:24:52 INFO  com.fahze.demojavafx.db.IncomeDAO - Successfully retrieved 2 incomes
2025-04-11 11:24:52 INFO  com.fahze.demojavafx.IncomeController - TableView initialized with 2 incomes
2025-04-11 11:24:53 INFO  com.fahze.demojavafx.service.CurrencyService - Retrieved EUR to USD rate: 1.09
2025-04-11 11:24:53 INFO  com.fahze.demojavafx.IncomeController - Exchange rate set to: 1.09
2025-04-11 11:25:00 INFO  com.fahze.demojavafx.IncomeController - Initializing IncomeController and setting up TableView
2025-04-11 11:25:00 INFO  com.fahze.demojavafx.db.IncomeDAO - Fetching all incomes from database
2025-04-11 11:25:00 INFO  com.fahze.demojavafx.db.IncomeDAO - Successfully retrieved 2 incomes
2025-04-11 11:25:00 INFO  com.fahze.demojavafx.IncomeController - TableView initialized with 2 incomes
2025-04-11 11:25:00 INFO  com.fahze.demojavafx.service.CurrencyService - Retrieved EUR to USD rate: 1.09
2025-04-11 11:25:00 INFO  com.fahze.demojavafx.IncomeController - Exchange rate set to: 1.09
2025-04-11 11:25:04 INFO  com.fahze.demojavafx.DashboardController - Initializing Dashboard
2025-04-11 11:25:04 INFO  com.fahze.demojavafx.db.ExpenseDAO - Fetching all expenses from database
2025-04-11 11:25:04 INFO  com.fahze.demojavafx.db.ExpenseDAO - Successfully retrieved 3 expenses
2025-04-11 11:25:04 INFO  com.fahze.demojavafx.db.IncomeDAO - Fetching all incomes from database
2025-04-11 11:25:04 INFO  com.fahze.demojavafx.db.IncomeDAO - Successfully retrieved 2 incomes
2025-04-11 11:25:04 INFO  com.fahze.demojavafx.DashboardController - Updating income/expense comparison chart
2025-04-11 11:25:04 INFO  com.fahze.demojavafx.DashboardController - Found 3 unique periods for comparison chart
2025-04-11 11:25:04 INFO  com.fahze.demojavafx.DashboardController - Comparison chart updated successfully
2025-04-11 11:25:06 INFO  com.fahze.demojavafx.HelloController - Initializing HelloController and setting up TableView
2025-04-11 11:25:06 INFO  com.fahze.demojavafx.db.ExpenseDAO - Fetching all expenses from database
2025-04-11 11:25:06 INFO  com.fahze.demojavafx.db.ExpenseDAO - Successfully retrieved 3 expenses
2025-04-11 11:25:06 INFO  com.fahze.demojavafx.HelloController - TableView initialized with 3 expenses
2025-04-11 11:25:06 INFO  com.fahze.demojavafx.service.CurrencyService - Retrieved EUR to USD rate: 1.09
2025-04-11 11:25:06 INFO  com.fahze.demojavafx.HelloController - Exchange rate set to: 1.09
2025-04-11 11:25:12 INFO  com.fahze.demojavafx.HelloController - Currency button clicked, switching to: USD
2025-04-11 11:25:12 INFO  com.fahze.demojavafx.HelloController - Updating table with currency: USD
2025-04-11 11:25:12 INFO  com.fahze.demojavafx.HelloController - Table updated with 3 expenses in USD
2025-04-11 11:25:13 INFO  com.fahze.demojavafx.HelloController - Currency button clicked, switching to: EUR
2025-04-11 11:25:13 INFO  com.fahze.demojavafx.HelloController - Updating table with currency: EUR
2025-04-11 11:25:13 INFO  com.fahze.demojavafx.HelloController - Table updated with 3 expenses in EUR
2025-04-11 11:25:13 INFO  com.fahze.demojavafx.HelloController - Currency button clicked, switching to: USD
2025-04-11 11:25:13 INFO  com.fahze.demojavafx.HelloController - Updating table with currency: USD
2025-04-11 11:25:13 INFO  com.fahze.demojavafx.HelloController - Table updated with 3 expenses in USD
2025-04-11 11:25:14 INFO  com.fahze.demojavafx.HelloController - Currency button clicked, switching to: EUR
2025-04-11 11:25:14 INFO  com.fahze.demojavafx.HelloController - Updating table with currency: EUR
2025-04-11 11:25:14 INFO  com.fahze.demojavafx.HelloController - Table updated with 3 expenses in EUR
2025-04-11 11:27:48 INFO  com.fahze.demojavafx.HelloApplication - Lancement de l'application
2025-04-11 11:27:48 INFO  com.fahze.demojavafx.DashboardController - Initializing Dashboard
2025-04-11 11:27:48 INFO  com.fahze.demojavafx.db.ExpenseDAO - Fetching all expenses from database
2025-04-11 11:27:48 INFO  com.fahze.demojavafx.db.ExpenseDAO - Successfully retrieved 3 expenses
2025-04-11 11:27:48 INFO  com.fahze.demojavafx.db.IncomeDAO - Fetching all incomes from database
2025-04-11 11:27:48 INFO  com.fahze.demojavafx.db.IncomeDAO - Successfully retrieved 2 incomes
2025-04-11 11:27:48 INFO  com.fahze.demojavafx.DashboardController - Filtered out period 121, remaining expenses: 2, remaining incomes: 2
2025-04-11 11:27:48 INFO  com.fahze.demojavafx.DashboardController - Chart scale configured with upper bound set to 30000
2025-04-11 11:27:48 INFO  com.fahze.demojavafx.DashboardController - Updating income/expense comparison chart
2025-04-11 11:27:48 INFO  com.fahze.demojavafx.DashboardController - Found 2 unique periods for comparison chart
2025-04-11 11:27:48 INFO  com.fahze.demojavafx.DashboardController - Comparison chart updated successfully
2025-04-11 11:27:49 INFO  com.fahze.demojavafx.HelloApplication - Application started successfully
2025-04-11 11:28:37 INFO  com.fahze.demojavafx.HelloApplication - Lancement de l'application
2025-04-11 11:28:37 INFO  com.fahze.demojavafx.DashboardController - Initializing Dashboard
2025-04-11 11:28:37 INFO  com.fahze.demojavafx.db.ExpenseDAO - Fetching all expenses from database
2025-04-11 11:28:37 INFO  com.fahze.demojavafx.db.ExpenseDAO - Successfully retrieved 3 expenses
2025-04-11 11:28:37 INFO  com.fahze.demojavafx.db.IncomeDAO - Fetching all incomes from database
2025-04-11 11:28:37 INFO  com.fahze.demojavafx.db.IncomeDAO - Successfully retrieved 2 incomes
2025-04-11 11:28:37 INFO  com.fahze.demojavafx.DashboardController - Filtered out period 121, remaining expenses: 2, remaining incomes: 2
2025-04-11 11:28:37 INFO  com.fahze.demojavafx.DashboardController - Chart scale configured with upper bound set to 30000
2025-04-11 11:28:37 INFO  com.fahze.demojavafx.DashboardController - Updating income/expense comparison chart
2025-04-11 11:28:37 INFO  com.fahze.demojavafx.DashboardController - Found 2 unique periods for comparison chart
2025-04-11 11:28:37 INFO  com.fahze.demojavafx.DashboardController - Comparison chart updated successfully
2025-04-11 11:28:38 INFO  com.fahze.demojavafx.HelloApplication - Application started successfully
2025-04-11 11:29:00 INFO  com.fahze.demojavafx.HelloController - Initializing HelloController and setting up TableView
2025-04-11 11:29:00 INFO  com.fahze.demojavafx.db.ExpenseDAO - Fetching all expenses from database
2025-04-11 11:29:00 INFO  com.fahze.demojavafx.db.ExpenseDAO - Successfully retrieved 3 expenses
2025-04-11 11:29:00 INFO  com.fahze.demojavafx.HelloController - TableView initialized with 3 expenses
2025-04-11 11:29:01 INFO  com.fahze.demojavafx.service.CurrencyService - Retrieved EUR to USD rate: 1.09
2025-04-11 11:29:01 INFO  com.fahze.demojavafx.HelloController - Exchange rate set to: 1.09
2025-04-11 11:30:54 INFO  com.fahze.demojavafx.HelloApplication - Lancement de l'application
2025-04-11 11:30:54 INFO  com.fahze.demojavafx.DashboardController - Initializing Dashboard
2025-04-11 11:30:54 INFO  com.fahze.demojavafx.db.ExpenseDAO - Fetching all expenses from database
2025-04-11 11:30:54 INFO  com.fahze.demojavafx.db.ExpenseDAO - Successfully retrieved 3 expenses
2025-04-11 11:30:54 INFO  com.fahze.demojavafx.db.IncomeDAO - Fetching all incomes from database
2025-04-11 11:30:54 INFO  com.fahze.demojavafx.db.IncomeDAO - Successfully retrieved 2 incomes
2025-04-11 11:30:54 INFO  com.fahze.demojavafx.DashboardController - Filtered out period 121, remaining expenses: 2, remaining incomes: 2
2025-04-11 11:30:54 INFO  com.fahze.demojavafx.DashboardController - Chart scale configured with upper bound set to 30000
2025-04-11 11:30:54 INFO  com.fahze.demojavafx.DashboardController - Updating income/expense comparison chart
2025-04-11 11:30:54 INFO  com.fahze.demojavafx.DashboardController - Found 2 unique periods for comparison chart
2025-04-11 11:30:54 INFO  com.fahze.demojavafx.DashboardController - Comparison chart updated successfully with visible legend
2025-04-11 11:30:55 INFO  com.fahze.demojavafx.HelloApplication - Application started successfully
2025-04-11 11:31:40 INFO  com.fahze.demojavafx.HelloApplication - Lancement de l'application
2025-04-11 11:31:40 INFO  com.fahze.demojavafx.DashboardController - Initializing Dashboard
2025-04-11 11:31:40 INFO  com.fahze.demojavafx.db.ExpenseDAO - Fetching all expenses from database
2025-04-11 11:31:40 INFO  com.fahze.demojavafx.db.ExpenseDAO - Successfully retrieved 3 expenses
2025-04-11 11:31:40 INFO  com.fahze.demojavafx.db.IncomeDAO - Fetching all incomes from database
2025-04-11 11:31:40 INFO  com.fahze.demojavafx.db.IncomeDAO - Successfully retrieved 2 incomes
2025-04-11 11:31:40 INFO  com.fahze.demojavafx.DashboardController - Filtered out period 121, remaining expenses: 2, remaining incomes: 2
2025-04-11 11:31:40 INFO  com.fahze.demojavafx.DashboardController - Chart scale configured with upper bound set to 30000
2025-04-11 11:31:40 INFO  com.fahze.demojavafx.DashboardController - Updating income/expense comparison chart
2025-04-11 11:31:40 INFO  com.fahze.demojavafx.DashboardController - Found 2 unique periods for comparison chart
2025-04-11 11:31:40 INFO  com.fahze.demojavafx.DashboardController - Comparison chart updated successfully with visible legend
2025-04-11 11:31:41 INFO  com.fahze.demojavafx.HelloApplication - Application started successfully
2025-04-11 11:32:12 INFO  com.fahze.demojavafx.DashboardController - Updating income/expense comparison chart
2025-04-11 11:32:12 INFO  com.fahze.demojavafx.DashboardController - Found 2 unique periods for comparison chart
2025-04-11 11:32:12 INFO  com.fahze.demojavafx.DashboardController - Comparison chart updated successfully with visible legend
2025-04-11 11:41:07 INFO  com.fahze.demojavafx.HelloApplication - Lancement de l'application
2025-04-11 11:41:08 INFO  com.fahze.demojavafx.DashboardController - Initializing Dashboard
2025-04-11 11:41:08 INFO  com.fahze.demojavafx.db.ExpenseDAO - Fetching all expenses from database
2025-04-11 11:41:08 INFO  com.fahze.demojavafx.db.ExpenseDAO - Successfully retrieved 3 expenses
2025-04-11 11:41:08 INFO  com.fahze.demojavafx.db.IncomeDAO - Fetching all incomes from database
2025-04-11 11:41:08 INFO  com.fahze.demojavafx.db.IncomeDAO - Successfully retrieved 2 incomes
2025-04-11 11:41:08 INFO  com.fahze.demojavafx.DashboardController - Filtered out period 121, remaining expenses: 2, remaining incomes: 2
2025-04-11 11:41:08 INFO  com.fahze.demojavafx.DashboardController - Chart scale configured with upper bound set to 30000
2025-04-11 11:41:08 INFO  com.fahze.demojavafx.DashboardController - Updating income/expense comparison chart
2025-04-11 11:41:08 INFO  com.fahze.demojavafx.DashboardController - Found 2 unique periods for comparison chart
2025-04-11 11:41:08 INFO  com.fahze.demojavafx.DashboardController - Comparison chart updated successfully with visible legend
2025-04-11 11:41:08 INFO  com.fahze.demojavafx.HelloApplication - Application started successfully
2025-04-11 11:41:23 INFO  com.fahze.demojavafx.service.CurrencyService - Retrieved EUR to USD rate: 1.09
2025-04-11 11:41:23 INFO  com.fahze.demojavafx.service.CurrencyService - EUR to USD rate set to: 1.2
2025-04-11 11:41:23 INFO  com.fahze.demojavafx.service.CurrencyService - EUR to USD rate set to: 1.09
2025-04-11 11:43:21 INFO  com.fahze.demojavafx.service.CurrencyService - Retrieved EUR to USD rate: 1.09
2025-04-11 11:43:21 INFO  com.fahze.demojavafx.service.CurrencyService - EUR to USD rate set to: 1.09
2025-04-11 11:43:21 INFO  com.fahze.demojavafx.service.CurrencyService - EUR to USD rate set to: 1.2
2025-04-11 11:43:21 INFO  com.fahze.demojavafx.service.CurrencyService - EUR to USD rate set to: 1.09
2025-04-11 11:43:21 INFO  com.fahze.demojavafx.service.CurrencyService - EUR to USD rate set to: 1.09
2025-04-11 11:43:21 INFO  com.fahze.demojavafx.service.CurrencyService - EUR to USD rate set to: 1.09
2025-04-11 11:44:56 INFO  com.fahze.demojavafx.service.CurrencyService - EUR to USD rate set to: 1.2
2025-04-11 11:44:56 INFO  com.fahze.demojavafx.service.CurrencyService - EUR to USD rate set to: 1.09
2025-04-11 11:44:56 INFO  com.fahze.demojavafx.service.CurrencyService - EUR to USD rate set to: 1.09
2025-04-11 11:44:56 INFO  com.fahze.demojavafx.service.CurrencyService - EUR to USD rate set to: 1.09
2025-04-11 11:45:35 INFO  com.fahze.demojavafx.service.CurrencyService - EUR to USD rate set to: 1.2
2025-04-11 11:45:35 INFO  com.fahze.demojavafx.service.CurrencyService - EUR to USD rate set to: 1.09
2025-04-11 11:45:35 INFO  com.fahze.demojavafx.service.CurrencyService - EUR to USD rate set to: 1.09
2025-04-11 11:45:35 INFO  com.fahze.demojavafx.service.CurrencyService - EUR to USD rate set to: 1.09
2025-04-11 11:49:40 INFO  com.fahze.demojavafx.service.CurrencyService - EUR to USD rate set to: 1.2
2025-04-11 11:49:40 INFO  com.fahze.demojavafx.service.CurrencyService - EUR to USD rate set to: 1.09
2025-04-11 11:49:40 INFO  com.fahze.demojavafx.service.CurrencyService - EUR to USD rate set to: 1.09
2025-04-11 11:49:40 INFO  com.fahze.demojavafx.service.CurrencyService - EUR to USD rate set to: 1.09
2025-04-11 11:53:31 INFO  com.fahze.demojavafx.HelloApplication - Lancement de l'application
2025-04-11 11:53:31 INFO  com.fahze.demojavafx.DashboardController - Initializing Dashboard
2025-04-11 11:53:31 INFO  com.fahze.demojavafx.db.ExpenseDAO - Fetching all expenses from database
2025-04-11 11:53:31 INFO  com.fahze.demojavafx.db.ExpenseDAO - Successfully retrieved 3 expenses
2025-04-11 11:53:31 INFO  com.fahze.demojavafx.db.IncomeDAO - Fetching all incomes from database
2025-04-11 11:53:31 INFO  com.fahze.demojavafx.db.IncomeDAO - Successfully retrieved 2 incomes
2025-04-11 11:53:31 INFO  com.fahze.demojavafx.DashboardController - Filtered out period 121, remaining expenses: 2, remaining incomes: 2
2025-04-11 11:53:31 INFO  com.fahze.demojavafx.DashboardController - Chart scale configured with upper bound set to 30000
2025-04-11 11:53:31 INFO  com.fahze.demojavafx.DashboardController - Updating income/expense comparison chart
2025-04-11 11:53:31 INFO  com.fahze.demojavafx.DashboardController - Found 2 unique periods for comparison chart
2025-04-11 11:53:31 INFO  com.fahze.demojavafx.DashboardController - Comparison chart updated successfully with visible legend
2025-04-11 11:53:32 INFO  com.fahze.demojavafx.HelloApplication - Application started successfully
2025-04-11 11:53:37 INFO  com.fahze.demojavafx.HelloController - Initializing HelloController and setting up TableView
2025-04-11 11:53:37 INFO  com.fahze.demojavafx.db.ExpenseDAO - Fetching all expenses from database
2025-04-11 11:53:37 INFO  com.fahze.demojavafx.db.ExpenseDAO - Successfully retrieved 3 expenses
2025-04-11 11:53:37 INFO  com.fahze.demojavafx.HelloController - TableView initialized with 3 expenses
2025-04-11 11:53:37 INFO  com.fahze.demojavafx.service.CurrencyService - Retrieved EUR to USD rate: 1.09
2025-04-11 11:53:37 INFO  com.fahze.demojavafx.HelloController - Exchange rate set to: 1.09
2025-04-11 11:53:39 INFO  com.fahze.demojavafx.IncomeController - Initializing IncomeController and setting up TableView
2025-04-11 11:53:39 INFO  com.fahze.demojavafx.db.IncomeDAO - Fetching all incomes from database
2025-04-11 11:53:39 INFO  com.fahze.demojavafx.db.IncomeDAO - Successfully retrieved 2 incomes
2025-04-11 11:53:39 INFO  com.fahze.demojavafx.IncomeController - TableView initialized with 2 incomes
2025-04-11 11:53:39 INFO  com.fahze.demojavafx.service.CurrencyService - Retrieved EUR to USD rate: 1.09
2025-04-11 11:53:39 INFO  com.fahze.demojavafx.IncomeController - Exchange rate set to: 1.09
2025-04-11 11:53:41 INFO  com.fahze.demojavafx.HelloController - Initializing HelloController and setting up TableView
2025-04-11 11:53:41 INFO  com.fahze.demojavafx.db.ExpenseDAO - Fetching all expenses from database
2025-04-11 11:53:41 INFO  com.fahze.demojavafx.db.ExpenseDAO - Successfully retrieved 3 expenses
2025-04-11 11:53:41 INFO  com.fahze.demojavafx.HelloController - TableView initialized with 3 expenses
2025-04-11 11:53:42 INFO  com.fahze.demojavafx.service.CurrencyService - Retrieved EUR to USD rate: 1.09
2025-04-11 11:53:42 INFO  com.fahze.demojavafx.HelloController - Exchange rate set to: 1.09
2025-04-11 11:53:43 INFO  com.fahze.demojavafx.HelloController - Currency button clicked, switching to: USD
2025-04-11 11:53:43 INFO  com.fahze.demojavafx.HelloController - Updating table with currency: USD
2025-04-11 11:53:43 INFO  com.fahze.demojavafx.HelloController - Table updated with 3 expenses in USD
2025-04-11 11:53:44 INFO  com.fahze.demojavafx.HelloController - Currency button clicked, switching to: EUR
2025-04-11 11:53:44 INFO  com.fahze.demojavafx.HelloController - Updating table with currency: EUR
2025-04-11 11:53:44 INFO  com.fahze.demojavafx.HelloController - Table updated with 3 expenses in EUR
2025-04-11 11:53:44 INFO  com.fahze.demojavafx.HelloController - Currency button clicked, switching to: USD
2025-04-11 11:53:44 INFO  com.fahze.demojavafx.HelloController - Updating table with currency: USD
2025-04-11 11:53:44 INFO  com.fahze.demojavafx.HelloController - Table updated with 3 expenses in USD
2025-04-11 11:53:47 INFO  com.fahze.demojavafx.DashboardController - Updating income/expense comparison chart
2025-04-11 11:53:47 INFO  com.fahze.demojavafx.DashboardController - Found 2 unique periods for comparison chart
2025-04-11 11:53:47 INFO  com.fahze.demojavafx.DashboardController - Comparison chart updated successfully with visible legend
